Using pre-set license
Built from 'HEAD' branch; Version is '2020.3.41f1c1 (148a17cb7d64) revision 1346071'; Using compiler version '192528614'; Build Type 'Release'
OS: 'Windows 10  (10.0.19044) 64bit CoreCountrySpecific' Language: 'zh' Physical Memory: 16220 MB
BatchMode: 1, IsHumanControllingUs: 0, StartBugReporterOnCrash: 0, Is64bit: 1, IsPro: 0

COMMAND LINE ARGUMENTS:
F:\Unity\2020.3.41f1c1\Editor\Unity.exe
-adb2
-batchMode
-noUpm
-name
AssetImportWorker0
-projectPath
F:/UnityProjects/Creatures/New Unity Project
-logFile
Logs/AssetImportWorker0.log
-srvPort
63129
Successfully changed project path to: F:/UnityProjects/Creatures/New Unity Project
F:/UnityProjects/Creatures/New Unity Project
Using Asset Import Pipeline V2.
AS: AutoStreaming module initializing.Refreshing native plugins compatible for Editor in 25.26 ms, found 2 plugins.
Preloading 0 native plugins for Editor in 0.00 ms.
Initialize engine version: 2020.3.41f1c1 (148a17cb7d64)
[Subsystems] Discovering subsystems at path F:/Unity/2020.3.41f1c1/Editor/Data/Resources/UnitySubsystems
[Subsystems] Discovering subsystems at path F:/UnityProjects/Creatures/New Unity Project/Assets
GfxDevice: creating device client; threaded=0
Direct3D:
    Version:  Direct3D 11.0 [level 11.1]
    Renderer: NVIDIA GeForce RTX 3060 Laptop GPU (ID=0x2520)
    Vendor:   
    VRAM:     6023 MB
    Driver:   30.0.15.1289
Initialize mono
Mono path[0] = 'F:/Unity/2020.3.41f1c1/Editor/Data/Managed'
Mono path[1] = 'F:/Unity/2020.3.41f1c1/Editor/Data/MonoBleedingEdge/lib/mono/unityjit'
Mono config path = 'F:/Unity/2020.3.41f1c1/Editor/Data/MonoBleedingEdge/etc'
Using monoOptions --debugger-agent=transport=dt_socket,embedding=1,server=y,suspend=n,address=127.0.0.1:56412
Begin MonoManager ReloadAssembly
Registering precompiled unity dll's ...
Register platform support module: F:/Unity/2020.3.41f1c1/Editor/Data/PlaybackEngines/WindowsStandaloneSupport/UnityEditor.WindowsStandalone.Extensions.dll
Registered in 0.000795 seconds.
Native extension for WindowsStandalone target not found
Refreshing native plugins compatible for Editor in 25.86 ms, found 2 plugins.
Preloading 0 native plugins for Editor in 0.00 ms.
Mono: successfully reloaded assembly
- Completed reload, in  0.471 seconds
Domain Reload Profiling:
	ReloadAssembly (471ms)
		BeginReloadAssembly (49ms)
			ExecutionOrderSort (0ms)
			DisableScriptedObjects (0ms)
			BackupInstance (0ms)
			ReleaseScriptingObjects (0ms)
			CreateAndSetChildDomain (1ms)
		EndReloadAssembly (367ms)
			LoadAssemblies (48ms)
			RebuildTransferFunctionScriptingTraits (0ms)
			SetupTypeCache (122ms)
			ReleaseScriptCaches (0ms)
			RebuildScriptCaches (25ms)
			SetupLoadedEditorAssemblies (138ms)
				LogAssemblyErrors (0ms)
				InitializePlatformSupportModulesInManaged (4ms)
				SetLoadedEditorAssemblies (0ms)
				RefreshPlugins (26ms)
				BeforeProcessingInitializeOnLoad (11ms)
				ProcessInitializeOnLoadAttributes (72ms)
				ProcessInitializeOnLoadMethodAttributes (25ms)
				AfterProcessingInitializeOnLoad (0ms)
				EditorAssembliesLoaded (0ms)
			ExecutionOrderSort2 (0ms)
			AwakeInstancesAfterBackupRestoration (0ms)
Platform modules already initialized, skipping
Registering precompiled user dll's ...
Registered in 0.001434 seconds.
Begin MonoManager ReloadAssembly
Native extension for WindowsStandalone target not found
Refreshing native plugins compatible for Editor in 0.26 ms, found 2 plugins.
Preloading 0 native plugins for Editor in 0.00 ms.
Mono: successfully reloaded assembly
- Completed reload, in  0.807 seconds
Domain Reload Profiling:
	ReloadAssembly (808ms)
		BeginReloadAssembly (117ms)
			ExecutionOrderSort (0ms)
			DisableScriptedObjects (4ms)
			BackupInstance (0ms)
			ReleaseScriptingObjects (0ms)
			CreateAndSetChildDomain (16ms)
		EndReloadAssembly (641ms)
			LoadAssemblies (71ms)
			RebuildTransferFunctionScriptingTraits (0ms)
			SetupTypeCache (221ms)
			ReleaseScriptCaches (0ms)
			RebuildScriptCaches (34ms)
			SetupLoadedEditorAssemblies (252ms)
				LogAssemblyErrors (0ms)
				InitializePlatformSupportModulesInManaged (3ms)
				SetLoadedEditorAssemblies (0ms)
				RefreshPlugins (0ms)
				BeforeProcessingInitializeOnLoad (72ms)
				ProcessInitializeOnLoadAttributes (161ms)
				ProcessInitializeOnLoadMethodAttributes (13ms)
				AfterProcessingInitializeOnLoad (2ms)
				EditorAssembliesLoaded (0ms)
			ExecutionOrderSort2 (0ms)
			AwakeInstancesAfterBackupRestoration (2ms)
Platform modules already initialized, skipping
========================================================================
Worker process is ready to serve import requests
Launched and connected shader compiler UnityShaderCompiler.exe after 0.03 seconds
Refreshing native plugins compatible for Editor in 0.28 ms, found 2 plugins.
Preloading 0 native plugins for Editor in 0.00 ms.
Unloading 1528 Unused Serialized files (Serialized files now loaded: 0)
System memory in use before: 68.9 MB.
System memory in use after: 69.0 MB.

Unloading 16 unused Assets to reduce memory usage. Loaded Objects now: 1966.
Total: 2.542400 ms (FindLiveObjects: 0.166100 ms CreateObjectMapping: 0.086700 ms MarkObjects: 2.231000 ms  DeleteObjects: 0.057900 ms)

AssetImportParameters requested are different than current active one (requested -> active):
  custom:framework-win-MediaFoundation: 216162199b28c13a410421893ffa2e32 -> 
  custom:video-decoder-ogg-theora: a1e56fd34408186e4bbccfd4996cb3dc -> 
  custom:container-muxer-webm: aa71ff27fc2769a1b78a27578f13a17b -> 
  custom:container-demuxer-webm: 4f35f7cbe854078d1ac9338744f61a02 -> 
  custom:container-demuxer-ogg: 62fdf1f143b41e24485cea50d1cbac27 -> 
  custom:video-encoder-webm-vp8: eb34c28f22e8b96e1ab97ce403110664 -> 
  custom:video-decoder-webm-vp8: 9c59270c3fd7afecdb556c50c9e8de78 -> 
  custom:audio-decoder-ogg-vorbis: bf7c407c2cedff20999df2af8eb42d56 -> 
  custom:audio-encoder-webm-vorbis: bf7c407c2cedff20999df2af8eb42d56 -> 
========================================================================
Received Import Request.
  path: Assets/avatat.fbx
  artifactKey: Guid(a4264734a0a480341a20539a753344cf) Importer(815301076,1909f56bfc062723c751e8b465ee728b)
Start importing Assets/avatat.fbx using Guid(a4264734a0a480341a20539a753344cf) Importer(815301076,1909f56bfc062723c751e8b465ee728b)  -> (artifact id: 'e9c78b874f0271c8444e3ad42986fe00') in 0.438224 seconds 
========================================================================
Received Import Request.
  Time since last request: 74.644454 seconds.
  path: Assets/avatat.fbx
  artifactKey: Guid(a4264734a0a480341a20539a753344cf) Importer(815301076,1909f56bfc062723c751e8b465ee728b)
Start importing Assets/avatat.fbx using Guid(a4264734a0a480341a20539a753344cf) Importer(815301076,1909f56bfc062723c751e8b465ee728b)  -> (artifact id: '35d4912febd61a20aed79cd697159327') in 0.066707 seconds 
========================================================================
Received Import Request.
  Time since last request: 48.371257 seconds.
  path: Assets/avatat.fbx
  artifactKey: Guid(a4264734a0a480341a20539a753344cf) Importer(815301076,1909f56bfc062723c751e8b465ee728b)
Start importing Assets/avatat.fbx using Guid(a4264734a0a480341a20539a753344cf) Importer(815301076,1909f56bfc062723c751e8b465ee728b)  -> (artifact id: '25b0c519c4251443c8472209bada99c3') in 0.068113 seconds 
========================================================================
Received Import Request.
  Time since last request: 33.651062 seconds.
  path: Assets/avatat.fbx
  artifactKey: Guid(a4264734a0a480341a20539a753344cf) Importer(815301076,1909f56bfc062723c751e8b465ee728b)
Start importing Assets/avatat.fbx using Guid(a4264734a0a480341a20539a753344cf) Importer(815301076,1909f56bfc062723c751e8b465ee728b)  -> (artifact id: '01dd81cde78751e7ce1133aec2d4f3d6') in 0.070656 seconds 
========================================================================
Received Import Request.
  Time since last request: 2.263227 seconds.
  path: Assets/Materials
  artifactKey: Guid(7f3d53eadb7b95947ad2ccfc9c8220e8) Importer(815301076,1909f56bfc062723c751e8b465ee728b)
Start importing Assets/Materials using Guid(7f3d53eadb7b95947ad2ccfc9c8220e8) Importer(815301076,1909f56bfc062723c751e8b465ee728b)  -> (artifact id: '28ee8748e6269ddae4f7e782ff6ae3d7') in 0.005317 seconds 
========================================================================
Received Import Request.
  Time since last request: 282.202391 seconds.
  path: Assets/0.png
  artifactKey: Guid(c4dbc2a4c30a4884cabbbc8dd09396c0) Importer(815301076,1909f56bfc062723c751e8b465ee728b)
Start importing Assets/0.png using Guid(c4dbc2a4c30a4884cabbbc8dd09396c0) Importer(815301076,1909f56bfc062723c751e8b465ee728b)  -> (artifact id: '4448ec42cd97bf9148e3bb64dbc81092') in 0.015310 seconds 
========================================================================
Received Import Request.
  Time since last request: 5.260344 seconds.
  path: Assets/0.png
  artifactKey: Guid(c4dbc2a4c30a4884cabbbc8dd09396c0) Importer(815301076,1909f56bfc062723c751e8b465ee728b)
Start importing Assets/0.png using Guid(c4dbc2a4c30a4884cabbbc8dd09396c0) Importer(815301076,1909f56bfc062723c751e8b465ee728b)  -> (artifact id: '0af78d64ac2cb703101bff4c2befcbef') in 0.035746 seconds 
========================================================================
Received Import Request.
  Time since last request: 14.675688 seconds.
  path: Assets/0.png
  artifactKey: Guid(c4dbc2a4c30a4884cabbbc8dd09396c0) Importer(815301076,1909f56bfc062723c751e8b465ee728b)
Start importing Assets/0.png using Guid(c4dbc2a4c30a4884cabbbc8dd09396c0) Importer(815301076,1909f56bfc062723c751e8b465ee728b)  -> (artifact id: '8b30a0dc61b1bfc563292b76d76b3aac') in 0.031217 seconds 
AssetImportWorkerClient::OnTransportError - code=2 error=End of file
